<?xml version="1.0" encoding="UTF-8"?>
<!-- Generated by org.testng.reporters.JUnitReportReporter -->
<testsuite hostname="DESKTOP-RM347T9" failures="0" tests="1" name="baseTest.register" time="21.752" errors="0" timestamp="2022-11-18T16:23:40 IST" skipped="0">
  <testcase classname="baseTest.register" name="registerSuccess" time="21.752"/>
  <system-out/>
</testsuite> <!-- baseTest.register -->
