<?xml version="1.0" encoding="UTF-8"?>
<!-- Generated by org.testng.reporters.JUnitReportReporter -->
<testsuite hostname="manish.local" failures="0" tests="1" name="TestScenario.FinalTest" time="495.539" errors="0" timestamp="2023-01-11T22:04:35 IST" skipped="0">
  <testcase classname="TestScenario.FinalTest" name="AllScenario" time="495.539"/>
  <system-out/>
</testsuite> <!-- TestScenario.FinalTest -->
