<?xml version="1.0" encoding="UTF-8"?>
<!-- Generated by org.testng.reporters.JUnitReportReporter -->
<testsuite hostname="DESKTOP-RM347T9" failures="0" tests="1" name="testFiles.register" time="32.509" errors="0" timestamp="2022-12-14T11:38:09 IST" skipped="0">
  <testcase classname="testFiles.register" name="registerSuccess" time="32.509"/>
  <system-out/>
</testsuite> <!-- testFiles.register -->
