<?xml version="1.0" encoding="UTF-8"?>
<!-- Generated by org.testng.reporters.JUnitReportReporter -->
<testsuite hostname="DESKTOP-RM347T9" failures="0" tests="1" name="testFiles.Login" time="64.448" errors="0" timestamp="2022-12-15T20:58:54 IST" skipped="0">
  <testcase classname="testFiles.Login" name="LogiNPage" time="64.448"/>
  <system-out/>
</testsuite> <!-- testFiles.Login -->
