<?xml version="1.0" encoding="UTF-8"?>
<!-- Generated by org.testng.reporters.JUnitReportReporter -->
<testsuite hostname="manish.local" failures="0" tests="1" name="TestScenario.brandTest" time="290.573" errors="0" timestamp="2023-01-22T22:01:36 IST" skipped="0">
  <testcase classname="TestScenario.brandTest" name="CheckOutScenario" time="290.573"/>
  <system-out/>
</testsuite> <!-- TestScenario.brandTest -->
