<?xml version="1.0" encoding="UTF-8"?>
<!-- Generated by org.testng.reporters.JUnitReportReporter -->
<testsuite hostname="manish.local" failures="0" tests="1" name="TestScenario.brandTest" time="249.268" errors="0" timestamp="2023-01-13T13:11:15 IST" skipped="0">
  <testcase classname="TestScenario.brandTest" name="CheckOutScenario" time="249.268"/>
  <system-out/>
</testsuite> <!-- TestScenario.brandTest -->
